<?xml version="1.0" encoding="UTF-8"?>
<testsuite name="cn.netkiller.oauth.server.controller.PartyControllerTest" time="0.082" tests="3" errors="3" skipped="0" failures="0">
  <properties>
[...]
</properties>
  <testcase name="getPartyTest" classname="cn.netkiller.oauth.server.controller.PartyControllerTest" time="0.072">
    <error message="Request processing failed; nested exception is java.lang.IllegalArgumentException: Name for argument type [long] not available, and parameter name information not found in class file either." type="org.springframework.web.util.NestedServletException">org.springframework.web.util.NestedServletException: Request processing failed; nested exception is java.lang.IllegalArgumentException: Name for argument type [long] not available, and parameter name information not found in class file either.
	at org.springframework.web.method.annotation.AbstractNamedValueMethodArgumentResolver.updateNamedValueInfo(AbstractNamedValueMethodArgumentResolver.java:168)
	at org.springframework.web.method.annotation.AbstractNamedValueMethodArgumentResolver.getNamedValueInfo(AbstractNamedValueMethodArgumentResolver.java:145)
	at org.springframework.web.method.annotation.AbstractNamedValueMethodArgumentResolver.resolveArgument(AbstractNamedValueMethodArgumentResolver.java:94)
	at org.springframework.web.method.support.HandlerMethodArgumentResolverComposite.resolveArgument(HandlerMethodArgumentResolverComposite.java:121)
	at org.springframework.web.method.support.InvocableHandlerMethod.getMethodArgumentValues(InvocableHandlerMethod.java:158)
	at org.springframework.web.method.support.InvocableHandlerMethod.invokeForRequest(InvocableHandlerMethod.java:128)
	at org.springframework.web.servlet.mvc.method.annotation.ServletInvocableHandlerMethod.invokeAndHandle(ServletInvocableHandlerMethod.java:97)
	at org.springframework.web.servlet.mvc.method.annotation.RequestMappingHandlerAdapter.invokeHandlerMethod(RequestMappingHandlerAdapter.java:827)
	at org.springframework.web.servlet.mvc.method.annotation.RequestMappingHandlerAdapter.handleInternal(RequestMappingHandlerAdapter.java:738)
	at org.springframework.web.servlet.mvc.method.AbstractHandlerMethodAdapter.handle(AbstractHandlerMethodAdapter.java:85)
	at org.springframework.web.servlet.DispatcherServlet.doDispatch(DispatcherServlet.java:967)
	at org.springframework.web.servlet.DispatcherServlet.doService(DispatcherServlet.java:901)
	at org.springframework.web.servlet.FrameworkServlet.processRequest(FrameworkServlet.java:970)
	at org.springframework.web.servlet.FrameworkServlet.doGet(FrameworkServlet.java:861)
	at javax.servlet.http.HttpServlet.service(HttpServlet.java:635)
	at org.springframework.web.servlet.FrameworkServlet.service(FrameworkServlet.java:846)
	at org.springframework.test.web.servlet.TestDispatcherServlet.service(TestDispatcherServlet.java:65)
	at javax.servlet.http.HttpServlet.service(HttpServlet.java:742)
	at org.springframework.mock.web.MockFilterChain$ServletFilterProxy.doFilter(MockFilterChain.java:167)
	at org.springframework.mock.web.MockFilterChain.doFilter(MockFilterChain.java:134)
	at org.springframework.web.filter.RequestContextFilter.doFilterInternal(RequestContextFilter.java:99)
	at org.springframework.web.filter.OncePerRequestFilter.doFilter(OncePerRequestFilter.java:107)
	at org.springframework.mock.web.MockFilterChain.doFilter(MockFilterChain.java:134)
	at org.springframework.web.filter.HttpPutFormContentFilter.doFilterInternal(HttpPutFormContentFilter.java:105)
	at org.springframework.web.filter.OncePerRequestFilter.doFilter(OncePerRequestFilter.java:107)
	at org.springframework.mock.web.MockFilterChain.doFilter(MockFilterChain.java:134)
	at org.springframework.web.filter.HiddenHttpMethodFilter.doFilterInternal(HiddenHttpMethodFilter.java:81)
	at org.springframework.web.filter.OncePerRequestFilter.doFilter(OncePerRequestFilter.java:107)
	at org.springframework.mock.web.MockFilterChain.doFilter(MockFilterChain.java:134)
	at org.springframework.test.web.servlet.MockMvc.perform(MockMvc.java:155)
	at cn.netkiller.oauth.server.controller.PartyControllerTest.getPartyTest(PartyControllerTest.java:48)
</error>
    <system-out><![CDATA[14:45:28.048 [main] DEBUG org.springframework.test.context.junit4.SpringJUnit4ClassRunner - SpringJUnit4ClassRunner constructor called with [class cn.netkiller.oauth.server.controller.PartyControllerTest]
14:45:28.057 [main] DEBUG org.springframework.test.context.BootstrapUtils - Instantiating CacheAwareContextLoaderDelegate from class [org.springframework.test.context.cache.DefaultCacheAwareContextLoaderDelegate]
14:45:28.064 [main] DEBUG org.springframework.test.context.BootstrapUtils - Instantiating BootstrapContext using constructor [public org.springframework.test.context.support.DefaultBootstrapContext(java.lang.Class,org.springframework.test.context.CacheAwareContextLoaderDelegate)]
14:45:28.080 [main] DEBUG org.springframework.test.context.BootstrapUtils - Instantiating TestContextBootstrapper for test class [cn.netkiller.oauth.server.controller.PartyControllerTest] from class [org.springframework.boot.test.autoconfigure.web.servlet.WebMvcTestContextBootstrapper]
14:45:28.100 [main] INFO org.springframework.boot.test.autoconfigure.web.servlet.WebMvcTestContextBootstrapper - Neither @ContextConfiguration nor @ContextHierarchy found for test class [cn.netkiller.oauth.server.controller.PartyControllerTest], using SpringBootContextLoader
14:45:28.104 [main] DEBUG org.springframework.test.context.support.AbstractContextLoader - Did not detect default resource location for test class [cn.netkiller.oauth.server.controller.PartyControllerTest]: class path resource [cn/netkiller/oauth/server/controller/PartyControllerTest-context.xml] does not exist
14:45:28.104 [main] DEBUG org.springframework.test.context.support.AbstractContextLoader - Did not detect default resource location for test class [cn.netkiller.oauth.server.controller.PartyControllerTest]: class path resource [cn/netkiller/oauth/server/controller/PartyControllerTestContext.groovy] does not exist
14:45:28.104 [main] INFO org.springframework.test.context.support.AbstractContextLoader - Could not detect default resource locations for test class [cn.netkiller.oauth.server.controller.PartyControllerTest]: no resource found for suffixes {-context.xml, Context.groovy}.
14:45:28.105 [main] INFO org.springframework.test.context.support.AnnotationConfigContextLoaderUtils - Could not detect default configuration classes for test class [cn.netkiller.oauth.server.controller.PartyControllerTest]: PartyControllerTest does not declare any static, non-private, non-final, nested classes annotated with @Configuration.
14:45:28.182 [main] DEBUG org.springframework.test.context.support.ActiveProfilesUtils - Could not find an 'annotation declaring class' for annotation type [org.springframework.test.context.ActiveProfiles] and class [cn.netkiller.oauth.server.controller.PartyControllerTest]
14:45:28.189 [main] DEBUG org.springframework.core.env.StandardEnvironment - Adding [systemProperties] PropertySource with lowest search precedence
14:45:28.190 [main] DEBUG org.springframework.core.env.StandardEnvironment - Adding [systemEnvironment] PropertySource with lowest search precedence
14:45:28.191 [main] DEBUG org.springframework.core.env.StandardEnvironment - Initialized StandardEnvironment with PropertySources [systemProperties,systemEnvironment]
14:45:28.199 [main] DEBUG org.springframework.core.io.support.PathMatchingResourcePatternResolver - Resolved classpath location [cn/netkiller/oauth/server/controller/] to resources [URL [file:/Users/neo/Documents/workspace/oauth/server/target/test-classes/cn/netkiller/oauth/server/controller/], URL [file:/Users/neo/Documents/workspace/oauth/server/target/classes/cn/netkiller/oauth/server/controller/]]
14:45:28.199 [main] DEBUG org.springframework.core.io.support.PathMatchingResourcePatternResolver - Looking for matching resources in directory tree [/Users/neo/Documents/workspace/oauth/server/target/test-classes/cn/netkiller/oauth/server/controller]
14:45:28.199 [main] DEBUG org.springframework.core.io.support.PathMatchingResourcePatternResolver - Searching directory [/Users/neo/Documents/workspace/oauth/server/target/test-classes/cn/netkiller/oauth/server/controller] for files matching pattern [/Users/neo/Documents/workspace/oauth/server/target/test-classes/cn/netkiller/oauth/server/controller/*.class]
14:45:28.202 [main] DEBUG org.springframework.core.io.support.PathMatchingResourcePatternResolver - Looking for matching resources in directory tree [/Users/neo/Documents/workspace/oauth/server/target/classes/cn/netkiller/oauth/server/controller]
14:45:28.202 [main] DEBUG org.springframework.core.io.support.PathMatchingResourcePatternResolver - Searching directory [/Users/neo/Documents/workspace/oauth/server/target/classes/cn/netkiller/oauth/server/controller] for files matching pattern [/Users/neo/Documents/workspace/oauth/server/target/classes/cn/netkiller/oauth/server/controller/*.class]
14:45:28.202 [main] DEBUG org.springframework.core.io.support.PathMatchingResourcePatternResolver - Resolved location pattern [classpath*:cn/netkiller/oauth/server/controller/*.class] to resources [file [/Users/neo/Documents/workspace/oauth/server/target/test-classes/cn/netkiller/oauth/server/controller/PartyControllerTest.class], file [/Users/neo/Documents/workspace/oauth/server/target/test-classes/cn/netkiller/oauth/server/controller/PersonControllerTest.class], file [/Users/neo/Documents/workspace/oauth/server/target/classes/cn/netkiller/oauth/server/controller/PartyController.class], file [/Users/neo/Documents/workspace/oauth/server/target/classes/cn/netkiller/oauth/server/controller/PersonController.class]]
14:45:28.224 [main] DEBUG org.springframework.core.io.support.PathMatchingResourcePatternResolver - Resolved classpath location [cn/netkiller/oauth/server/] to resources [URL [file:/Users/neo/Documents/workspace/oauth/server/target/test-classes/cn/netkiller/oauth/server/], URL [file:/Users/neo/Documents/workspace/oauth/server/target/classes/cn/netkiller/oauth/server/]]
14:45:28.224 [main] DEBUG org.springframework.core.io.support.PathMatchingResourcePatternResolver - Looking for matching resources in directory tree [/Users/neo/Documents/workspace/oauth/server/target/test-classes/cn/netkiller/oauth/server]
14:45:28.224 [main] DEBUG org.springframework.core.io.support.PathMatchingResourcePatternResolver - Searching directory [/Users/neo/Documents/workspace/oauth/server/target/test-classes/cn/netkiller/oauth/server] for files matching pattern [/Users/neo/Documents/workspace/oauth/server/target/test-classes/cn/netkiller/oauth/server/*.class]
14:45:28.225 [main] DEBUG org.springframework.core.io.support.PathMatchingResourcePatternResolver - Looking for matching resources in directory tree [/Users/neo/Documents/workspace/oauth/server/target/classes/cn/netkiller/oauth/server]
14:45:28.225 [main] DEBUG org.springframework.core.io.support.PathMatchingResourcePatternResolver - Searching directory [/Users/neo/Documents/workspace/oauth/server/target/classes/cn/netkiller/oauth/server] for files matching pattern [/Users/neo/Documents/workspace/oauth/server/target/classes/cn/netkiller/oauth/server/*.class]
14:45:28.226 [main] DEBUG org.springframework.core.io.support.PathMatchingResourcePatternResolver - Resolved location pattern [classpath*:cn/netkiller/oauth/server/*.class] to resources [file [/Users/neo/Documents/workspace/oauth/server/target/classes/cn/netkiller/oauth/server/App.class]]
14:45:28.245 [main] DEBUG org.springframework.context.annotation.ClassPathScanningCandidateComponentProvider - Identified candidate component class: file [/Users/neo/Documents/workspace/oauth/server/target/classes/cn/netkiller/oauth/server/App.class]
14:45:28.246 [main] INFO org.springframework.boot.test.context.SpringBootTestContextBootstrapper - Found @SpringBootConfiguration cn.netkiller.oauth.server.App for test class cn.netkiller.oauth.server.controller.PartyControllerTest
14:45:28.248 [main] DEBUG org.springframework.boot.test.autoconfigure.web.servlet.WebMvcTestContextBootstrapper - @TestExecutionListeners is not present for class [cn.netkiller.oauth.server.controller.PartyControllerTest]: using defaults.
14:45:28.250 [main] INFO org.springframework.boot.test.autoconfigure.web.servlet.WebMvcTestContextBootstrapper - Loaded default TestExecutionListener class names from location [META-INF/spring.factories]: [org.springframework.boot.test.mock.mockito.MockitoTestExecutionListener, org.springframework.boot.test.mock.mockito.ResetMocksTestExecutionListener, org.springframework.boot.test.autoconfigure.restdocs.RestDocsTestExecutionListener, org.springframework.boot.test.autoconfigure.web.client.MockRestServiceServerResetTestExecutionListener, org.springframework.boot.test.autoconfigure.web.servlet.MockMvcPrintOnlyOnFailureTestExecutionListener, org.springframework.boot.test.autoconfigure.web.servlet.WebDriverTestExecutionListener, org.springframework.test.context.web.ServletTestExecutionListener, org.springframework.test.context.support.DirtiesContextBeforeModesTestExecutionListener, org.springframework.test.context.support.DependencyInjectionTestExecutionListener, org.springframework.test.context.support.DirtiesContextTestExecutionListener, org.springframework.test.context.transaction.TransactionalTestExecutionListener, org.springframework.test.context.jdbc.SqlScriptsTestExecutionListener]
14:45:28.268 [main] INFO org.springframework.boot.test.autoconfigure.web.servlet.WebMvcTestContextBootstrapper - Using TestExecutionListeners: [org.springframework.test.context.web.ServletTestExecutionListener@63021689, org.springframework.test.context.support.DirtiesContextBeforeModesTestExecutionListener@703580bf, org.springframework.boot.test.autoconfigure.SpringBootDependencyInjectionTestExecutionListener@3e92efc3, org.springframework.test.context.support.DirtiesContextTestExecutionListener@1622f1b, org.springframework.test.context.transaction.TransactionalTestExecutionListener@72a7c7e0, org.springframework.test.context.jdbc.SqlScriptsTestExecutionListener@2e4b8173, org.springframework.boot.test.autoconfigure.web.client.MockRestServiceServerResetTestExecutionListener@70e8f8e, org.springframework.boot.test.autoconfigure.web.servlet.WebDriverTestExecutionListener@17046283, org.springframework.boot.test.autoconfigure.restdocs.RestDocsTestExecutionListener@5bd03f44, org.springframework.boot.test.autoconfigure.web.servlet.MockMvcPrintOnlyOnFailureTestExecutionListener@29626d54, org.springframework.boot.test.mock.mockito.ResetMocksTestExecutionListener@5a63f509, org.springframework.boot.test.mock.mockito.MockitoTestExecutionListener@6e4784bc]
14:45:28.269 [main] DEBUG org.springframework.test.context.junit4.SpringJUnit4ClassRunner - SpringJUnit4ClassRunner constructor called with [class cn.netkiller.oauth.server.controller.PersonControllerTest]
14:45:28.269 [main] DEBUG org.springframework.test.context.BootstrapUtils - Instantiating CacheAwareContextLoaderDelegate from class [org.springframework.test.context.cache.DefaultCacheAwareContextLoaderDelegate]
14:45:28.269 [main] DEBUG org.springframework.test.context.BootstrapUtils - Instantiating BootstrapContext using constructor [public org.springframework.test.context.support.DefaultBootstrapContext(java.lang.Class,org.springframework.test.context.CacheAwareContextLoaderDelegate)]
14:45:28.269 [main] DEBUG org.springframework.test.context.BootstrapUtils - Instantiating TestContextBootstrapper for test class [cn.netkiller.oauth.server.controller.PersonControllerTest] from class [org.springframework.boot.test.autoconfigure.web.servlet.WebMvcTestContextBootstrapper]
14:45:28.270 [main] INFO org.springframework.boot.test.autoconfigure.web.servlet.WebMvcTestContextBootstrapper - Neither @ContextConfiguration nor @ContextHierarchy found for test class [cn.netkiller.oauth.server.controller.PersonControllerTest], using SpringBootContextLoader
14:45:28.271 [main] DEBUG org.springframework.test.context.support.AbstractContextLoader - Did not detect default resource location for test class [cn.netkiller.oauth.server.controller.PersonControllerTest]: class path resource [cn/netkiller/oauth/server/controller/PersonControllerTest-context.xml] does not exist
14:45:28.271 [main] DEBUG org.springframework.test.context.support.AbstractContextLoader - Did not detect default resource location for test class [cn.netkiller.oauth.server.controller.PersonControllerTest]: class path resource [cn/netkiller/oauth/server/controller/PersonControllerTestContext.groovy] does not exist
14:45:28.271 [main] INFO org.springframework.test.context.support.AbstractContextLoader - Could not detect default resource locations for test class [cn.netkiller.oauth.server.controller.PersonControllerTest]: no resource found for suffixes {-context.xml, Context.groovy}.
14:45:28.272 [main] INFO org.springframework.test.context.support.AnnotationConfigContextLoaderUtils - Could not detect default configuration classes for test class [cn.netkiller.oauth.server.controller.PersonControllerTest]: PersonControllerTest does not declare any static, non-private, non-final, nested classes annotated with @Configuration.
14:45:28.286 [main] DEBUG org.springframework.test.context.support.ActiveProfilesUtils - Could not find an 'annotation declaring class' for annotation type [org.springframework.test.context.ActiveProfiles] and class [cn.netkiller.oauth.server.controller.PersonControllerTest]
14:45:28.286 [main] DEBUG org.springframework.core.env.StandardEnvironment - Adding [systemProperties] PropertySource with lowest search precedence
14:45:28.286 [main] DEBUG org.springframework.core.env.StandardEnvironment - Adding [systemEnvironment] PropertySource with lowest search precedence
14:45:28.286 [main] DEBUG org.springframework.core.env.StandardEnvironment - Initialized StandardEnvironment with PropertySources [systemProperties,systemEnvironment]
14:45:28.286 [main] INFO org.springframework.boot.test.context.SpringBootTestContextBootstrapper - Found @SpringBootConfiguration cn.netkiller.oauth.server.App for test class cn.netkiller.oauth.server.controller.PersonControllerTest
14:45:28.287 [main] DEBUG org.springframework.boot.test.autoconfigure.web.servlet.WebMvcTestContextBootstrapper - @TestExecutionListeners is not present for class [cn.netkiller.oauth.server.controller.PersonControllerTest]: using defaults.
14:45:28.289 [main] INFO org.springframework.boot.test.autoconfigure.web.servlet.WebMvcTestContextBootstrapper - Loaded default TestExecutionListener class names from location [META-INF/spring.factories]: [org.springframework.boot.test.mock.mockito.MockitoTestExecutionListener, org.springframework.boot.test.mock.mockito.ResetMocksTestExecutionListener, org.springframework.boot.test.autoconfigure.restdocs.RestDocsTestExecutionListener, org.springframework.boot.test.autoconfigure.web.client.MockRestServiceServerResetTestExecutionListener, org.springframework.boot.test.autoconfigure.web.servlet.MockMvcPrintOnlyOnFailureTestExecutionListener, org.springframework.boot.test.autoconfigure.web.servlet.WebDriverTestExecutionListener, org.springframework.test.context.web.ServletTestExecutionListener, org.springframework.test.context.support.DirtiesContextBeforeModesTestExecutionListener, org.springframework.test.context.support.DependencyInjectionTestExecutionListener, org.springframework.test.context.support.DirtiesContextTestExecutionListener, org.springframework.test.context.transaction.TransactionalTestExecutionListener, org.springframework.test.context.jdbc.SqlScriptsTestExecutionListener]
14:45:28.292 [main] INFO org.springframework.boot.test.autoconfigure.web.servlet.WebMvcTestContextBootstrapper - Using TestExecutionListeners: [org.springframework.test.context.web.ServletTestExecutionListener@35cabb2a, org.springframework.test.context.support.DirtiesContextBeforeModesTestExecutionListener@7e07db1f, org.springframework.boot.test.autoconfigure.SpringBootDependencyInjectionTestExecutionListener@1189dd52, org.springframework.test.context.support.DirtiesContextTestExecutionListener@36bc55de, org.springframework.test.context.transaction.TransactionalTestExecutionListener@564fabc8, org.springframework.test.context.jdbc.SqlScriptsTestExecutionListener@16d04d3d, org.springframework.boot.test.autoconfigure.web.client.MockRestServiceServerResetTestExecutionListener@49ec71f8, org.springframework.boot.test.autoconfigure.web.servlet.WebDriverTestExecutionListener@1d2adfbe, org.springframework.boot.test.autoconfigure.restdocs.RestDocsTestExecutionListener@36902638, org.springframework.boot.test.autoconfigure.web.servlet.MockMvcPrintOnlyOnFailureTestExecutionListener@223d2c72, org.springframework.boot.test.mock.mockito.ResetMocksTestExecutionListener@8f4ea7c, org.springframework.boot.test.mock.mockito.MockitoTestExecutionListener@436813f3]
14:45:28.299 [main] DEBUG org.springframework.test.context.junit4.SpringJUnit4ClassRunner - SpringJUnit4ClassRunner constructor called with [class cn.netkiller.oauth.server.repository.PartyRepositoryTest]
14:45:28.299 [main] DEBUG org.springframework.test.context.BootstrapUtils - Instantiating CacheAwareContextLoaderDelegate from class [org.springframework.test.context.cache.DefaultCacheAwareContextLoaderDelegate]
14:45:28.299 [main] DEBUG org.springframework.test.context.BootstrapUtils - Instantiating BootstrapContext using constructor [public org.springframework.test.context.support.DefaultBootstrapContext(java.lang.Class,org.springframework.test.context.CacheAwareContextLoaderDelegate)]
14:45:28.300 [main] DEBUG org.springframework.test.context.BootstrapUtils - Instantiating TestContextBootstrapper for test class [cn.netkiller.oauth.server.repository.PartyRepositoryTest] from class [org.springframework.boot.test.context.SpringBootTestContextBootstrapper]
14:45:28.302 [main] INFO org.springframework.boot.test.context.SpringBootTestContextBootstrapper - Neither @ContextConfiguration nor @ContextHierarchy found for test class [cn.netkiller.oauth.server.repository.PartyRepositoryTest], using SpringBootContextLoader
14:45:28.303 [main] DEBUG org.springframework.test.context.support.AbstractContextLoader - Did not detect default resource location for test class [cn.netkiller.oauth.server.repository.PartyRepositoryTest]: class path resource [cn/netkiller/oauth/server/repository/PartyRepositoryTest-context.xml] does not exist
14:45:28.303 [main] DEBUG org.springframework.test.context.support.AbstractContextLoader - Did not detect default resource location for test class [cn.netkiller.oauth.server.repository.PartyRepositoryTest]: class path resource [cn/netkiller/oauth/server/repository/PartyRepositoryTestContext.groovy] does not exist
14:45:28.303 [main] INFO org.springframework.test.context.support.AbstractContextLoader - Could not detect default resource locations for test class [cn.netkiller.oauth.server.repository.PartyRepositoryTest]: no resource found for suffixes {-context.xml, Context.groovy}.
14:45:28.303 [main] INFO org.springframework.test.context.support.AnnotationConfigContextLoaderUtils - Could not detect default configuration classes for test class [cn.netkiller.oauth.server.repository.PartyRepositoryTest]: PartyRepositoryTest does not declare any static, non-private, non-final, nested classes annotated with @Configuration.
14:45:28.320 [main] DEBUG org.springframework.test.context.support.ActiveProfilesUtils - Could not find an 'annotation declaring class' for annotation type [org.springframework.test.context.ActiveProfiles] and class [cn.netkiller.oauth.server.repository.PartyRepositoryTest]
14:45:28.320 [main] DEBUG org.springframework.core.env.StandardEnvironment - Adding [systemProperties] PropertySource with lowest search precedence
14:45:28.321 [main] DEBUG org.springframework.core.env.StandardEnvironment - Adding [systemEnvironment] PropertySource with lowest search precedence
14:45:28.321 [main] DEBUG org.springframework.core.env.StandardEnvironment - Initialized StandardEnvironment with PropertySources [systemProperties,systemEnvironment]
14:45:28.321 [main] DEBUG org.springframework.core.io.support.PathMatchingResourcePatternResolver - Resolved classpath location [cn/netkiller/oauth/server/repository/] to resources [URL [file:/Users/neo/Documents/workspace/oauth/server/target/test-classes/cn/netkiller/oauth/server/repository/], URL [file:/Users/neo/Documents/workspace/oauth/server/target/classes/cn/netkiller/oauth/server/repository/]]
14:45:28.321 [main] DEBUG org.springframework.core.io.support.PathMatchingResourcePatternResolver - Looking for matching resources in directory tree [/Users/neo/Documents/workspace/oauth/server/target/test-classes/cn/netkiller/oauth/server/repository]
14:45:28.321 [main] DEBUG org.springframework.core.io.support.PathMatchingResourcePatternResolver - Searching directory [/Users/neo/Documents/workspace/oauth/server/target/test-classes/cn/netkiller/oauth/server/repository] for files matching pattern [/Users/neo/Documents/workspace/oauth/server/target/test-classes/cn/netkiller/oauth/server/repository/*.class]
14:45:28.322 [main] DEBUG org.springframework.core.io.support.PathMatchingResourcePatternResolver - Looking for matching resources in directory tree [/Users/neo/Documents/workspace/oauth/server/target/classes/cn/netkiller/oauth/server/repository]
14:45:28.322 [main] DEBUG org.springframework.core.io.support.PathMatchingResourcePatternResolver - Searching directory [/Users/neo/Documents/workspace/oauth/server/target/classes/cn/netkiller/oauth/server/repository] for files matching pattern [/Users/neo/Documents/workspace/oauth/server/target/classes/cn/netkiller/oauth/server/repository/*.class]
14:45:28.322 [main] DEBUG org.springframework.core.io.support.PathMatchingResourcePatternResolver - Resolved location pattern [classpath*:cn/netkiller/oauth/server/repository/*.class] to resources [file [/Users/neo/Documents/workspace/oauth/server/target/test-classes/cn/netkiller/oauth/server/repository/PartyRepositoryTest.class], file [/Users/neo/Documents/workspace/oauth/server/target/test-classes/cn/netkiller/oauth/server/repository/PersonRepositoryTest.class], file [/Users/neo/Documents/workspace/oauth/server/target/classes/cn/netkiller/oauth/server/repository/PartyRepository.class], file [/Users/neo/Documents/workspace/oauth/server/target/classes/cn/netkiller/oauth/server/repository/PersonRepository.class], file [/Users/neo/Documents/workspace/oauth/server/target/classes/cn/netkiller/oauth/server/repository/UserRepository.class]]
14:45:28.325 [main] DEBUG org.springframework.core.io.support.PathMatchingResourcePatternResolver - Resolved classpath location [cn/netkiller/oauth/server/] to resources [URL [file:/Users/neo/Documents/workspace/oauth/server/target/test-classes/cn/netkiller/oauth/server/], URL [file:/Users/neo/Documents/workspace/oauth/server/target/classes/cn/netkiller/oauth/server/]]
14:45:28.325 [main] DEBUG org.springframework.core.io.support.PathMatchingResourcePatternResolver - Looking for matching resources in directory tree [/Users/neo/Documents/workspace/oauth/server/target/test-classes/cn/netkiller/oauth/server]
14:45:28.325 [main] DEBUG org.springframework.core.io.support.PathMatchingResourcePatternResolver - Searching directory [/Users/neo/Documents/workspace/oauth/server/target/test-classes/cn/netkiller/oauth/server] for files matching pattern [/Users/neo/Documents/workspace/oauth/server/target/test-classes/cn/netkiller/oauth/server/*.class]
14:45:28.326 [main] DEBUG org.springframework.core.io.support.PathMatchingResourcePatternResolver - Looking for matching resources in directory tree [/Users/neo/Documents/workspace/oauth/server/target/classes/cn/netkiller/oauth/server]
14:45:28.326 [main] DEBUG org.springframework.core.io.support.PathMatchingResourcePatternResolver - Searching directory [/Users/neo/Documents/workspace/oauth/server/target/classes/cn/netkiller/oauth/server] for files matching pattern [/Users/neo/Documents/workspace/oauth/server/target/classes/cn/netkiller/oauth/server/*.class]
14:45:28.326 [main] DEBUG org.springframework.core.io.support.PathMatchingResourcePatternResolver - Resolved location pattern [classpath*:cn/netkiller/oauth/server/*.class] to resources [file [/Users/neo/Documents/workspace/oauth/server/target/classes/cn/netkiller/oauth/server/App.class]]
14:45:28.327 [main] DEBUG org.springframework.context.annotation.ClassPathScanningCandidateComponentProvider - Identified candidate component class: file [/Users/neo/Documents/workspace/oauth/server/target/classes/cn/netkiller/oauth/server/App.class]
14:45:28.327 [main] INFO org.springframework.boot.test.context.SpringBootTestContextBootstrapper - Found @SpringBootConfiguration cn.netkiller.oauth.server.App for test class cn.netkiller.oauth.server.repository.PartyRepositoryTest
14:45:28.328 [main] DEBUG org.springframework.boot.test.context.SpringBootTestContextBootstrapper - @TestExecutionListeners is not present for class [cn.netkiller.oauth.server.repository.PartyRepositoryTest]: using defaults.
14:45:28.330 [main] INFO org.springframework.boot.test.context.SpringBootTestContextBootstrapper - Loaded default TestExecutionListener class names from location [META-INF/spring.factories]: [org.springframework.boot.test.mock.mockito.MockitoTestExecutionListener, org.springframework.boot.test.mock.mockito.ResetMocksTestExecutionListener, org.springframework.boot.test.autoconfigure.restdocs.RestDocsTestExecutionListener, org.springframework.boot.test.autoconfigure.web.client.MockRestServiceServerResetTestExecutionListener, org.springframework.boot.test.autoconfigure.web.servlet.MockMvcPrintOnlyOnFailureTestExecutionListener, org.springframework.boot.test.autoconfigure.web.servlet.WebDriverTestExecutionListener, org.springframework.test.context.web.ServletTestExecutionListener, org.springframework.test.context.support.DirtiesContextBeforeModesTestExecutionListener, org.springframework.test.context.support.DependencyInjectionTestExecutionListener, org.springframework.test.context.support.DirtiesContextTestExecutionListener, org.springframework.test.context.transaction.TransactionalTestExecutionListener, org.springframework.test.context.jdbc.SqlScriptsTestExecutionListener]
14:45:28.332 [main] INFO org.springframework.boot.test.context.SpringBootTestContextBootstrapper - Using TestExecutionListeners: [org.springframework.test.context.web.ServletTestExecutionListener@70325e14, org.springframework.test.context.support.DirtiesContextBeforeModesTestExecutionListener@37ceb1df, org.springframework.boot.test.autoconfigure.SpringBootDependencyInjectionTestExecutionListener@7c9d8e2, org.springframework.test.context.support.DirtiesContextTestExecutionListener@20d525, org.springframework.test.context.transaction.TransactionalTestExecutionListener@6200f9cb, org.springframework.test.context.jdbc.SqlScriptsTestExecutionListener@2002fc1d, org.springframework.boot.test.autoconfigure.web.client.MockRestServiceServerResetTestExecutionListener@69453e37, org.springframework.boot.test.autoconfigure.web.servlet.WebDriverTestExecutionListener@6f4a47c7, org.springframework.boot.test.autoconfigure.restdocs.RestDocsTestExecutionListener@ae13544, org.springframework.boot.test.autoconfigure.web.servlet.MockMvcPrintOnlyOnFailureTestExecutionListener@3d34d211, org.springframework.boot.test.mock.mockito.ResetMocksTestExecutionListener@7dc0f706, org.springframework.boot.test.mock.mockito.MockitoTestExecutionListener@4009e306]
14:45:28.332 [main] DEBUG org.springframework.test.context.junit4.SpringJUnit4ClassRunner - SpringJUnit4ClassRunner constructor called with [class cn.netkiller.oauth.server.repository.PersonRepositoryTest]
14:45:28.332 [main] DEBUG org.springframework.test.context.BootstrapUtils - Instantiating CacheAwareContextLoaderDelegate from class [org.springframework.test.context.cache.DefaultCacheAwareContextLoaderDelegate]
14:45:28.332 [main] DEBUG org.springframework.test.context.BootstrapUtils - Instantiating BootstrapContext using constructor [public org.springframework.test.context.support.DefaultBootstrapContext(java.lang.Class,org.springframework.test.context.CacheAwareContextLoaderDelegate)]
14:45:28.333 [main] DEBUG org.springframework.test.context.BootstrapUtils - Instantiating TestContextBootstrapper for test class [cn.netkiller.oauth.server.repository.PersonRepositoryTest] from class [org.springframework.boot.test.context.SpringBootTestContextBootstrapper]
14:45:28.333 [main] INFO org.springframework.boot.test.context.SpringBootTestContextBootstrapper - Neither @ContextConfiguration nor @ContextHierarchy found for test class [cn.netkiller.oauth.server.repository.PersonRepositoryTest], using SpringBootContextLoader
14:45:28.334 [main] DEBUG org.springframework.test.context.support.AbstractContextLoader - Did not detect default resource location for test class [cn.netkiller.oauth.server.repository.PersonRepositoryTest]: class path resource [cn/netkiller/oauth/server/repository/PersonRepositoryTest-context.xml] does not exist
14:45:28.334 [main] DEBUG org.springframework.test.context.support.AbstractContextLoader - Did not detect default resource location for test class [cn.netkiller.oauth.server.repository.PersonRepositoryTest]: class path resource [cn/netkiller/oauth/server/repository/PersonRepositoryTestContext.groovy] does not exist
14:45:28.334 [main] INFO org.springframework.test.context.support.AbstractContextLoader - Could not detect default resource locations for test class [cn.netkiller.oauth.server.repository.PersonRepositoryTest]: no resource found for suffixes {-context.xml, Context.groovy}.
14:45:28.334 [main] INFO org.springframework.test.context.support.AnnotationConfigContextLoaderUtils - Could not detect default configuration classes for test class [cn.netkiller.oauth.server.repository.PersonRepositoryTest]: PersonRepositoryTest does not declare any static, non-private, non-final, nested classes annotated with @Configuration.
14:45:28.347 [main] DEBUG org.springframework.test.context.support.ActiveProfilesUtils - Could not find an 'annotation declaring class' for annotation type [org.springframework.test.context.ActiveProfiles] and class [cn.netkiller.oauth.server.repository.PersonRepositoryTest]
14:45:28.348 [main] DEBUG org.springframework.core.env.StandardEnvironment - Adding [systemProperties] PropertySource with lowest search precedence
14:45:28.348 [main] DEBUG org.springframework.core.env.StandardEnvironment - Adding [systemEnvironment] PropertySource with lowest search precedence
14:45:28.348 [main] DEBUG org.springframework.core.env.StandardEnvironment - Initialized StandardEnvironment with PropertySources [systemProperties,systemEnvironment]
14:45:28.348 [main] INFO org.springframework.boot.test.context.SpringBootTestContextBootstrapper - Found @SpringBootConfiguration cn.netkiller.oauth.server.App for test class cn.netkiller.oauth.server.repository.PersonRepositoryTest
14:45:28.349 [main] DEBUG org.springframework.boot.test.context.SpringBootTestContextBootstrapper - @TestExecutionListeners is not present for class [cn.netkiller.oauth.server.repository.PersonRepositoryTest]: using defaults.
14:45:28.351 [main] INFO org.springframework.boot.test.context.SpringBootTestContextBootstrapper - Loaded default TestExecutionListener class names from location [META-INF/spring.factories]: [org.springframework.boot.test.mock.mockito.MockitoTestExecutionListener, org.springframework.boot.test.mock.mockito.ResetMocksTestExecutionListener, org.springframework.boot.test.autoconfigure.restdocs.RestDocsTestExecutionListener, org.springframework.boot.test.autoconfigure.web.client.MockRestServiceServerResetTestExecutionListener, org.springframework.boot.test.autoconfigure.web.servlet.MockMvcPrintOnlyOnFailureTestExecutionListener, org.springframework.boot.test.autoconfigure.web.servlet.WebDriverTestExecutionListener, org.springframework.test.context.web.ServletTestExecutionListener, org.springframework.test.context.support.DirtiesContextBeforeModesTestExecutionListener, org.springframework.test.context.support.DependencyInjectionTestExecutionListener, org.springframework.test.context.support.DirtiesContextTestExecutionListener, org.springframework.test.context.transaction.TransactionalTestExecutionListener, org.springframework.test.context.jdbc.SqlScriptsTestExecutionListener]
14:45:28.352 [main] INFO org.springframework.boot.test.context.SpringBootTestContextBootstrapper - Using TestExecutionListeners: [org.springframework.test.context.web.ServletTestExecutionListener@865dd6, org.springframework.test.context.support.DirtiesContextBeforeModesTestExecutionListener@4da4253, org.springframework.boot.test.autoconfigure.SpringBootDependencyInjectionTestExecutionListener@3972a855, org.springframework.test.context.support.DirtiesContextTestExecutionListener@62e7f11d, org.springframework.test.context.transaction.TransactionalTestExecutionListener@503d687a, org.springframework.test.context.jdbc.SqlScriptsTestExecutionListener@6a370f4, org.springframework.boot.test.autoconfigure.web.client.MockRestServiceServerResetTestExecutionListener@2abf4075, org.springframework.boot.test.autoconfigure.web.servlet.WebDriverTestExecutionListener@770d3326, org.springframework.boot.test.autoconfigure.restdocs.RestDocsTestExecutionListener@4cc8eb05, org.springframework.boot.test.autoconfigure.web.servlet.MockMvcPrintOnlyOnFailureTestExecutionListener@51f116b8, org.springframework.boot.test.mock.mockito.ResetMocksTestExecutionListener@19d481b, org.springframework.boot.test.mock.mockito.MockitoTestExecutionListener@1f97cf0d]
14:45:28.356 [main] DEBUG org.springframework.test.annotation.ProfileValueUtils - Retrieved @ProfileValueSourceConfiguration [null] for test class [cn.netkiller.oauth.server.controller.PartyControllerTest]
14:45:28.357 [main] DEBUG org.springframework.test.annotation.ProfileValueUtils - Retrieved ProfileValueSource type [class org.springframework.test.annotation.SystemProfileValueSource] for class [cn.netkiller.oauth.server.controller.PartyControllerTest]
14:45:28.357 [main] DEBUG org.springframework.test.annotation.ProfileValueUtils - Retrieved @ProfileValueSourceConfiguration [null] for test class [cn.netkiller.oauth.server.controller.PersonControllerTest]
14:45:28.357 [main] DEBUG org.springframework.test.annotation.ProfileValueUtils - Retrieved ProfileValueSource type [class org.springframework.test.annotation.SystemProfileValueSource] for class [cn.netkiller.oauth.server.controller.PersonControllerTest]
14:45:28.358 [main] DEBUG org.springframework.test.annotation.ProfileValueUtils - Retrieved @ProfileValueSourceConfiguration [null] for test class [cn.netkiller.oauth.server.repository.PartyRepositoryTest]
14:45:28.358 [main] DEBUG org.springframework.test.annotation.ProfileValueUtils - Retrieved ProfileValueSource type [class org.springframework.test.annotation.SystemProfileValueSource] for class [cn.netkiller.oauth.server.repository.PartyRepositoryTest]
14:45:28.358 [main] DEBUG org.springframework.test.annotation.ProfileValueUtils - Retrieved @ProfileValueSourceConfiguration [null] for test class [cn.netkiller.oauth.server.repository.PersonRepositoryTest]
14:45:28.358 [main] DEBUG org.springframework.test.annotation.ProfileValueUtils - Retrieved ProfileValueSource type [class org.springframework.test.annotation.SystemProfileValueSource] for class [cn.netkiller.oauth.server.repository.PersonRepositoryTest]
14:45:28.361 [main] DEBUG org.springframework.test.context.junit4.SpringJUnit4ClassRunner - SpringJUnit4ClassRunner constructor called with [class cn.netkiller.oauth.server.controller.PartyControllerTest]
14:45:28.361 [main] DEBUG org.springframework.test.context.BootstrapUtils - Instantiating CacheAwareContextLoaderDelegate from class [org.springframework.test.context.cache.DefaultCacheAwareContextLoaderDelegate]
14:45:28.361 [main] DEBUG org.springframework.test.context.BootstrapUtils - Instantiating BootstrapContext using constructor [public org.springframework.test.context.support.DefaultBootstrapContext(java.lang.Class,org.springframework.test.context.CacheAwareContextLoaderDelegate)]
14:45:28.362 [main] DEBUG org.springframework.test.context.BootstrapUtils - Instantiating TestContextBootstrapper for test class [cn.netkiller.oauth.server.controller.PartyControllerTest] from class [org.springframework.boot.test.autoconfigure.web.servlet.WebMvcTestContextBootstrapper]
14:45:28.363 [main] INFO org.springframework.boot.test.autoconfigure.web.servlet.WebMvcTestContextBootstrapper - Neither @ContextConfiguration nor @ContextHierarchy found for test class [cn.netkiller.oauth.server.controller.PartyControllerTest], using SpringBootContextLoader
14:45:28.363 [main] DEBUG org.springframework.test.context.support.AbstractContextLoader - Did not detect default resource location for test class [cn.netkiller.oauth.server.controller.PartyControllerTest]: class path resource [cn/netkiller/oauth/server/controller/PartyControllerTest-context.xml] does not exist
14:45:28.364 [main] DEBUG org.springframework.test.context.support.AbstractContextLoader - Did not detect default resource location for test class [cn.netkiller.oauth.server.controller.PartyControllerTest]: class path resource [cn/netkiller/oauth/server/controller/PartyControllerTestContext.groovy] does not exist
14:45:28.364 [main] INFO org.springframework.test.context.support.AbstractContextLoader - Could not detect default resource locations for test class [cn.netkiller.oauth.server.controller.PartyControllerTest]: no resource found for suffixes {-context.xml, Context.groovy}.
14:45:28.364 [main] INFO org.springframework.test.context.support.AnnotationConfigContextLoaderUtils - Could not detect default configuration classes for test class [cn.netkiller.oauth.server.controller.PartyControllerTest]: PartyControllerTest does not declare any static, non-private, non-final, nested classes annotated with @Configuration.
14:45:28.377 [main] DEBUG org.springframework.test.context.support.ActiveProfilesUtils - Could not find an 'annotation declaring class' for annotation type [org.springframework.test.context.ActiveProfiles] and class [cn.netkiller.oauth.server.controller.PartyControllerTest]
14:45:28.377 [main] DEBUG org.springframework.core.env.StandardEnvironment - Adding [systemProperties] PropertySource with lowest search precedence
14:45:28.377 [main] DEBUG org.springframework.core.env.StandardEnvironment - Adding [systemEnvironment] PropertySource with lowest search precedence
14:45:28.377 [main] DEBUG org.springframework.core.env.StandardEnvironment - Initialized StandardEnvironment with PropertySources [systemProperties,systemEnvironment]
14:45:28.377 [main] INFO org.springframework.boot.test.context.SpringBootTestContextBootstrapper - Found @SpringBootConfiguration cn.netkiller.oauth.server.App for test class cn.netkiller.oauth.server.controller.PartyControllerTest
14:45:28.378 [main] DEBUG org.springframework.boot.test.autoconfigure.web.servlet.WebMvcTestContextBootstrapper - @TestExecutionListeners is not present for class [cn.netkiller.oauth.server.controller.PartyControllerTest]: using defaults.
14:45:28.380 [main] INFO org.springframework.boot.test.autoconfigure.web.servlet.WebMvcTestContextBootstrapper - Loaded default TestExecutionListener class names from location [META-INF/spring.factories]: [org.springframework.boot.test.mock.mockito.MockitoTestExecutionListener, org.springframework.boot.test.mock.mockito.ResetMocksTestExecutionListener, org.springframework.boot.test.autoconfigure.restdocs.RestDocsTestExecutionListener, org.springframework.boot.test.autoconfigure.web.client.MockRestServiceServerResetTestExecutionListener, org.springframework.boot.test.autoconfigure.web.servlet.MockMvcPrintOnlyOnFailureTestExecutionListener, org.springframework.boot.test.autoconfigure.web.servlet.WebDriverTestExecutionListener, org.springframework.test.context.web.ServletTestExecutionListener, org.springframework.test.context.support.DirtiesContextBeforeModesTestExecutionListener, org.springframework.test.context.support.DependencyInjectionTestExecutionListener, org.springframework.test.context.support.DirtiesContextTestExecutionListener, org.springframework.test.context.transaction.TransactionalTestExecutionListener, org.springframework.test.context.jdbc.SqlScriptsTestExecutionListener]
14:45:28.386 [main] INFO org.springframework.boot.test.autoconfigure.web.servlet.WebMvcTestContextBootstrapper - Using TestExecutionListeners: [org.springframework.test.context.web.ServletTestExecutionListener@21e360a, org.springframework.test.context.support.DirtiesContextBeforeModesTestExecutionListener@5ba3f27a, org.springframework.boot.test.autoconfigure.SpringBootDependencyInjectionTestExecutionListener@58d75e99, org.springframework.test.context.support.DirtiesContextTestExecutionListener@74751b3, org.springframework.test.context.transaction.TransactionalTestExecutionListener@741a8937, org.springframework.test.context.jdbc.SqlScriptsTestExecutionListener@306e95ec, org.springframework.boot.test.autoconfigure.web.client.MockRestServiceServerResetTestExecutionListener@52af26ee, org.springframework.boot.test.autoconfigure.web.servlet.WebDriverTestExecutionListener@6fd83fc1, org.springframework.boot.test.autoconfigure.restdocs.RestDocsTestExecutionListener@4f2b503c, org.springframework.boot.test.autoconfigure.web.servlet.MockMvcPrintOnlyOnFailureTestExecutionListener@bae7dc0, org.springframework.boot.test.mock.mockito.ResetMocksTestExecutionListener@209da20d, org.springframework.boot.test.mock.mockito.MockitoTestExecutionListener@e15b7e8]
14:45:28.386 [main] DEBUG org.springframework.test.annotation.ProfileValueUtils - Retrieved @ProfileValueSourceConfiguration [null] for test class [cn.netkiller.oauth.server.controller.PartyControllerTest]
14:45:28.386 [main] DEBUG org.springframework.test.annotation.ProfileValueUtils - Retrieved ProfileValueSource type [class org.springframework.test.annotation.SystemProfileValueSource] for class [cn.netkiller.oauth.server.controller.PartyControllerTest]
14:45:28.387 [main] DEBUG org.springframework.test.annotation.ProfileValueUtils - Retrieved @ProfileValueSourceConfiguration [null] for test class [cn.netkiller.oauth.server.controller.PartyControllerTest]
14:45:28.387 [main] DEBUG org.springframework.test.annotation.ProfileValueUtils - Retrieved ProfileValueSource type [class org.springframework.test.annotation.SystemProfileValueSource] for class [cn.netkiller.oauth.server.controller.PartyControllerTest]
14:45:28.389 [main] DEBUG org.springframework.test.context.support.AbstractDirtiesContextTestExecutionListener - Before test class: context [DefaultTestContext@485966cc testClass = PartyControllerTest, testInstance = [null], testMethod = [null], testException = [null], mergedContextConfiguration = [WebMergedContextConfiguration@1de76cc7 testClass = PartyControllerTest, locations = '{}', classes = '{class cn.netkiller.oauth.server.App}', contextInitializerClasses = '[]', activeProfiles = '{}', propertySourceLocations = '{}', propertySourceProperties = '{org.springframework.boot.test.autoconfigure.web.servlet.WebMvcTestContextBootstrapper=true}', contextCustomizers = set[[ImportsContextCustomizer@54bff557 key = [org.springframework.boot.autoconfigure.cache.CacheAutoConfiguration, org.springframework.boot.autoconfigure.context.MessageSourceAutoConfiguration, org.springframework.boot.autoconfigure.freemarker.FreeMarkerAutoConfiguration, org.springframework.boot.autoconfigure.groovy.template.GroovyTemplateAutoConfiguration, org.springframework.boot.autoconfigure.gson.GsonAutoConfiguration, org.springframework.boot.autoconfigure.hateoas.HypermediaAutoConfiguration, org.springframework.boot.autoconfigure.jackson.JacksonAutoConfiguration, org.springframework.boot.autoconfigure.mustache.MustacheAutoConfiguration, org.springframework.boot.autoconfigure.thymeleaf.ThymeleafAutoConfiguration, org.springframework.boot.autoconfigure.validation.ValidationAutoConfiguration, org.springframework.boot.autoconfigure.web.ErrorMvcAutoConfiguration, org.springframework.boot.autoconfigure.web.HttpMessageConvertersAutoConfiguration, org.springframework.boot.autoconfigure.web.ServerPropertiesAutoConfiguration, org.springframework.boot.autoconfigure.web.WebMvcAutoConfiguration, org.springframework.boot.test.autoconfigure.web.servlet.MockMvcAutoConfiguration, org.springframework.boot.test.autoconfigure.web.servlet.MockMvcSecurityAutoConfiguration, org.springframework.boot.test.autoconfigure.web.servlet.MockMvcWebClientAutoConfiguration, org.springframework.boot.test.autoconfigure.web.servlet.MockMvcWebDriverAutoConfiguration]], org.springframework.boot.test.context.filter.ExcludeFilterContextCustomizer@140e5a13, org.springframework.boot.test.json.DuplicateJsonObjectContextCustomizerFactory$DuplicateJsonObjectContextCustomizer@71d15f18, org.springframework.boot.test.mock.mockito.MockitoContextCustomizer@19e279eb, org.springframework.boot.test.autoconfigure.OverrideAutoConfigurationContextCustomizerFactory$DisableAutoConfigurationContextCustomizer@33cb5951, org.springframework.boot.test.autoconfigure.filter.TypeExcludeFiltersContextCustomizer@90ebb7cd, org.springframework.boot.test.autoconfigure.properties.PropertyMappingContextCustomizer@c1273edd, org.springframework.boot.test.autoconfigure.web.servlet.WebDriverContextCustomizerFactory$Customizer@709ba3fb], resourceBasePath = '', contextLoader = 'org.springframework.boot.test.context.SpringBootContextLoader', parent = [null]]], class annotated with @DirtiesContext [false] with mode [null].
14:45:28.390 [main] DEBUG org.springframework.test.annotation.ProfileValueUtils - Retrieved @ProfileValueSourceConfiguration [null] for test class [cn.netkiller.oauth.server.controller.PartyControllerTest]
14:45:28.390 [main] DEBUG org.springframework.test.annotation.ProfileValueUtils - Retrieved ProfileValueSource type [class org.springframework.test.annotation.SystemProfileValueSource] for class [cn.netkiller.oauth.server.controller.PartyControllerTest]
14:45:28.391 [main] DEBUG org.springframework.test.context.support.DependencyInjectionTestExecutionListener - Performing dependency injection for test context [[DefaultTestContext@485966cc testClass = PartyControllerTest, testInstance = cn.netkiller.oauth.server.controller.PartyControllerTest@2ea41516, testMethod = [null], testException = [null], mergedContextConfiguration = [WebMergedContextConfiguration@1de76cc7 testClass = PartyControllerTest, locations = '{}', classes = '{class cn.netkiller.oauth.server.App}', contextInitializerClasses = '[]', activeProfiles = '{}', propertySourceLocations = '{}', propertySourceProperties = '{org.springframework.boot.test.autoconfigure.web.servlet.WebMvcTestContextBootstrapper=true}', contextCustomizers = set[[ImportsContextCustomizer@54bff557 key = [org.springframework.boot.autoconfigure.cache.CacheAutoConfiguration, org.springframework.boot.autoconfigure.context.MessageSourceAutoConfiguration, org.springframework.boot.autoconfigure.freemarker.FreeMarkerAutoConfiguration, org.springframework.boot.autoconfigure.groovy.template.GroovyTemplateAutoConfiguration, org.springframework.boot.autoconfigure.gson.GsonAutoConfiguration, org.springframework.boot.autoconfigure.hateoas.HypermediaAutoConfiguration, org.springframework.boot.autoconfigure.jackson.JacksonAutoConfiguration, org.springframework.boot.autoconfigure.mustache.MustacheAutoConfiguration, org.springframework.boot.autoconfigure.thymeleaf.ThymeleafAutoConfiguration, org.springframework.boot.autoconfigure.validation.ValidationAutoConfiguration, org.springframework.boot.autoconfigure.web.ErrorMvcAutoConfiguration, org.springframework.boot.autoconfigure.web.HttpMessageConvertersAutoConfiguration, org.springframework.boot.autoconfigure.web.ServerPropertiesAutoConfiguration, org.springframework.boot.autoconfigure.web.WebMvcAutoConfiguration, org.springframework.boot.test.autoconfigure.web.servlet.MockMvcAutoConfiguration, org.springframework.boot.test.autoconfigure.web.servlet.MockMvcSecurityAutoConfiguration, org.springframework.boot.test.autoconfigure.web.servlet.MockMvcWebClientAutoConfiguration, org.springframework.boot.test.autoconfigure.web.servlet.MockMvcWebDriverAutoConfiguration]], org.springframework.boot.test.context.filter.ExcludeFilterContextCustomizer@140e5a13, org.springframework.boot.test.json.DuplicateJsonObjectContextCustomizerFactory$DuplicateJsonObjectContextCustomizer@71d15f18, org.springframework.boot.test.mock.mockito.MockitoContextCustomizer@19e279eb, org.springframework.boot.test.autoconfigure.OverrideAutoConfigurationContextCustomizerFactory$DisableAutoConfigurationContextCustomizer@33cb5951, org.springframework.boot.test.autoconfigure.filter.TypeExcludeFiltersContextCustomizer@90ebb7cd, org.springframework.boot.test.autoconfigure.properties.PropertyMappingContextCustomizer@c1273edd, org.springframework.boot.test.autoconfigure.web.servlet.WebDriverContextCustomizerFactory$Customizer@709ba3fb], resourceBasePath = '', contextLoader = 'org.springframework.boot.test.context.SpringBootContextLoader', parent = [null]]]].
14:45:28.433 [main] DEBUG org.springframework.core.env.StandardEnvironment - Adding [systemProperties] PropertySource with lowest search precedence
14:45:28.433 [main] DEBUG org.springframework.core.env.StandardEnvironment - Adding [systemEnvironment] PropertySource with lowest search precedence
14:45:28.434 [main] DEBUG org.springframework.core.env.StandardEnvironment - Initialized StandardEnvironment with PropertySources [systemProperties,systemEnvironment]
14:45:28.434 [main] DEBUG org.springframework.core.env.MutablePropertySources - Adding [inline] PropertySource with highest search precedence
14:45:28.438 [main] DEBUG org.springframework.test.context.support.TestPropertySourceUtils - Adding inlined properties to environment: {spring.jmx.enabled=false, org.springframework.boot.test.autoconfigure.web.servlet.WebMvcTestContextBootstrapper=true, server.port=-1}
14:45:28.438 [main] DEBUG org.springframework.core.env.StandardEnvironment - Adding [Inlined Test Properties] PropertySource with highest search precedence

  .   ____          _            __ _ _
 /\\ / ___'_ __ _ _(_)_ __  __ _ \ \ \ \
( ( )\___ | '_ | '_| | '_ \/ _` | \ \ \ \
 \\/  ___)| |_)| | | | | || (_| |  ) ) ) )
  '  |____| .__|_| |_|_| |_\__, | / / / /
 =========|_|==============|___/=/_/_/_/
 :: Spring Boot ::        (v1.5.6.RELEASE)

2017-08-15 14:45:28.847  INFO 64072 --- [           main] c.n.o.s.controller.PartyControllerTest   : Starting PartyControllerTest on MacBook-Pro.local with PID 64072 (started by neo in /Users/neo/Documents/workspace/oauth/server)
2017-08-15 14:45:28.848  INFO 64072 --- [           main] c.n.o.s.controller.PartyControllerTest   : No active profile set, falling back to default profiles: default
2017-08-15 14:45:28.864  INFO 64072 --- [           main] o.s.w.c.s.GenericWebApplicationContext   : Refreshing org.springframework.web.context.support.GenericWebApplicationContext@51549490: startup date [Tue Aug 15 14:45:28 CST 2017]; root of context hierarchy
2017-08-15 14:45:29.852  INFO 64072 --- [           main] s.w.s.m.m.a.RequestMappingHandlerAdapter : Looking for @ControllerAdvice: org.springframework.web.context.support.GenericWebApplicationContext@51549490: startup date [Tue Aug 15 14:45:28 CST 2017]; root of context hierarchy
2017-08-15 14:45:29.913  INFO 64072 --- [           main] s.w.s.m.m.a.RequestMappingHandlerMapping : Mapped "{[/parties],methods=[POST]}" onto public org.springframework.http.ResponseEntity<?> cn.netkiller.oauth.server.controller.PartyController.addParty(cn.netkiller.oauth.server.model.Party)
2017-08-15 14:45:29.914  INFO 64072 --- [           main] s.w.s.m.m.a.RequestMappingHandlerMapping : Mapped "{[/parties],methods=[GET]}" onto public org.springframework.http.ResponseEntity<java.util.Collection<cn.netkiller.oauth.server.model.Party>> cn.netkiller.oauth.server.controller.PartyController.getParties()
2017-08-15 14:45:29.914  INFO 64072 --- [           main] s.w.s.m.m.a.RequestMappingHandlerMapping : Mapped "{[/parties/{id}],methods=[GET]}" onto public org.springframework.http.ResponseEntity<cn.netkiller.oauth.server.model.Party> cn.netkiller.oauth.server.controller.PartyController.getParty(long)
2017-08-15 14:45:29.914  INFO 64072 --- [           main] s.w.s.m.m.a.RequestMappingHandlerMapping : Mapped "{[/parties/{id}],methods=[DELETE]}" onto public org.springframework.http.ResponseEntity<java.lang.Void> cn.netkiller.oauth.server.controller.PartyController.deletePartyn(long)
2017-08-15 14:45:29.916  INFO 64072 --- [           main] s.w.s.m.m.a.RequestMappingHandlerMapping : Mapped "{[/error]}" onto public org.springframework.http.ResponseEntity<java.util.Map<java.lang.String, java.lang.Object>> org.springframework.boot.autoconfigure.web.BasicErrorController.error(javax.servlet.http.HttpServletRequest)
2017-08-15 14:45:29.916  INFO 64072 --- [           main] s.w.s.m.m.a.RequestMappingHandlerMapping : Mapped "{[/error],produces=[text/html]}" onto public org.springframework.web.servlet.ModelAndView org.springframework.boot.autoconfigure.web.BasicErrorController.errorHtml(javax.servlet.http.HttpServletRequest,javax.servlet.http.HttpServletResponse)
2017-08-15 14:45:29.948  INFO 64072 --- [           main] o.s.w.s.handler.SimpleUrlHandlerMapping  : Mapped URL path [/webjars/**] onto handler of type [class org.springframework.web.servlet.resource.ResourceHttpRequestHandler]
2017-08-15 14:45:29.948  INFO 64072 --- [           main] o.s.w.s.handler.SimpleUrlHandlerMapping  : Mapped URL path [/**] onto handler of type [class org.springframework.web.servlet.resource.ResourceHttpRequestHandler]
2017-08-15 14:45:29.989  INFO 64072 --- [           main] o.s.w.s.handler.SimpleUrlHandlerMapping  : Mapped URL path [/**/favicon.ico] onto handler of type [class org.springframework.web.servlet.resource.ResourceHttpRequestHandler]
2017-08-15 14:45:30.086  INFO 64072 --- [           main] o.s.b.t.m.w.SpringBootMockServletContext : Initializing Spring FrameworkServlet ''
2017-08-15 14:45:30.086  INFO 64072 --- [           main] o.s.t.web.servlet.TestDispatcherServlet  : FrameworkServlet '': initialization started
2017-08-15 14:45:30.097  INFO 64072 --- [           main] o.s.t.web.servlet.TestDispatcherServlet  : FrameworkServlet '': initialization completed in 11 ms
2017-08-15 14:45:30.140  INFO 64072 --- [           main] c.n.o.s.controller.PartyControllerTest   : Started PartyControllerTest in 1.692 seconds (JVM running for 2.47)
]]></system-out>
  </testcase>
  <testcase name="partyNotFoundTest" classname="cn.netkiller.oauth.server.controller.PartyControllerTest" time="0.004">
    <error message="Request processing failed; nested exception is java.lang.IllegalArgumentException: Name for argument type [long] not available, and parameter name information not found in class file either." type="org.springframework.web.util.NestedServletException">org.springframework.web.util.NestedServletException: Request processing failed; nested exception is java.lang.IllegalArgumentException: Name for argument type [long] not available, and parameter name information not found in class file either.
	at org.springframework.web.method.annotation.AbstractNamedValueMethodArgumentResolver.updateNamedValueInfo(AbstractNamedValueMethodArgumentResolver.java:168)
	at org.springframework.web.method.annotation.AbstractNamedValueMethodArgumentResolver.getNamedValueInfo(AbstractNamedValueMethodArgumentResolver.java:145)
	at org.springframework.web.method.annotation.AbstractNamedValueMethodArgumentResolver.resolveArgument(AbstractNamedValueMethodArgumentResolver.java:94)
	at org.springframework.web.method.support.HandlerMethodArgumentResolverComposite.resolveArgument(HandlerMethodArgumentResolverComposite.java:121)
	at org.springframework.web.method.support.InvocableHandlerMethod.getMethodArgumentValues(InvocableHandlerMethod.java:158)
	at org.springframework.web.method.support.InvocableHandlerMethod.invokeForRequest(InvocableHandlerMethod.java:128)
	at org.springframework.web.servlet.mvc.method.annotation.ServletInvocableHandlerMethod.invokeAndHandle(ServletInvocableHandlerMethod.java:97)
	at org.springframework.web.servlet.mvc.method.annotation.RequestMappingHandlerAdapter.invokeHandlerMethod(RequestMappingHandlerAdapter.java:827)
	at org.springframework.web.servlet.mvc.method.annotation.RequestMappingHandlerAdapter.handleInternal(RequestMappingHandlerAdapter.java:738)
	at org.springframework.web.servlet.mvc.method.AbstractHandlerMethodAdapter.handle(AbstractHandlerMethodAdapter.java:85)
	at org.springframework.web.servlet.DispatcherServlet.doDispatch(DispatcherServlet.java:967)
	at org.springframework.web.servlet.DispatcherServlet.doService(DispatcherServlet.java:901)
	at org.springframework.web.servlet.FrameworkServlet.processRequest(FrameworkServlet.java:970)
	at org.springframework.web.servlet.FrameworkServlet.doGet(FrameworkServlet.java:861)
	at javax.servlet.http.HttpServlet.service(HttpServlet.java:635)
	at org.springframework.web.servlet.FrameworkServlet.service(FrameworkServlet.java:846)
	at org.springframework.test.web.servlet.TestDispatcherServlet.service(TestDispatcherServlet.java:65)
	at javax.servlet.http.HttpServlet.service(HttpServlet.java:742)
	at org.springframework.mock.web.MockFilterChain$ServletFilterProxy.doFilter(MockFilterChain.java:167)
	at org.springframework.mock.web.MockFilterChain.doFilter(MockFilterChain.java:134)
	at org.springframework.web.filter.RequestContextFilter.doFilterInternal(RequestContextFilter.java:99)
	at org.springframework.web.filter.OncePerRequestFilter.doFilter(OncePerRequestFilter.java:107)
	at org.springframework.mock.web.MockFilterChain.doFilter(MockFilterChain.java:134)
	at org.springframework.web.filter.HttpPutFormContentFilter.doFilterInternal(HttpPutFormContentFilter.java:105)
	at org.springframework.web.filter.OncePerRequestFilter.doFilter(OncePerRequestFilter.java:107)
	at org.springframework.mock.web.MockFilterChain.doFilter(MockFilterChain.java:134)
	at org.springframework.web.filter.HiddenHttpMethodFilter.doFilterInternal(HiddenHttpMethodFilter.java:81)
	at org.springframework.web.filter.OncePerRequestFilter.doFilter(OncePerRequestFilter.java:107)
	at org.springframework.mock.web.MockFilterChain.doFilter(MockFilterChain.java:134)
	at org.springframework.test.web.servlet.MockMvc.perform(MockMvc.java:155)
	at cn.netkiller.oauth.server.controller.PartyControllerTest.partyNotFoundTest(PartyControllerTest.java:55)
</error>
  </testcase>
  <testcase name="getPartiesTest" classname="cn.netkiller.oauth.server.controller.PartyControllerTest" time="0.006">
    <error message="Handler dispatch failed; nested exception is java.lang.Error: Unresolved compilation problem: &#10;	&apos;&lt;&gt;&apos; operator is not allowed for source level below 1.7&#10;" type="org.springframework.web.util.NestedServletException"><![CDATA[org.springframework.web.util.NestedServletException: Handler dispatch failed; nested exception is java.lang.Error: Unresolved compilation problem: 
	'<>' operator is not allowed for source level below 1.7

	at cn.netkiller.oauth.server.controller.PartyController.getParties(PartyController.java:26)
	at sun.reflect.NativeMethodAccessorImpl.invoke0(Native Method)
	at sun.reflect.NativeMethodAccessorImpl.invoke(NativeMethodAccessorImpl.java:62)
	at sun.reflect.DelegatingMethodAccessorImpl.invoke(DelegatingMethodAccessorImpl.java:43)
	at java.lang.reflect.Method.invoke(Method.java:498)
	at org.springframework.web.method.support.InvocableHandlerMethod.doInvoke(InvocableHandlerMethod.java:205)
	at org.springframework.web.method.support.InvocableHandlerMethod.invokeForRequest(InvocableHandlerMethod.java:133)
	at org.springframework.web.servlet.mvc.method.annotation.ServletInvocableHandlerMethod.invokeAndHandle(ServletInvocableHandlerMethod.java:97)
	at org.springframework.web.servlet.mvc.method.annotation.RequestMappingHandlerAdapter.invokeHandlerMethod(RequestMappingHandlerAdapter.java:827)
	at org.springframework.web.servlet.mvc.method.annotation.RequestMappingHandlerAdapter.handleInternal(RequestMappingHandlerAdapter.java:738)
	at org.springframework.web.servlet.mvc.method.AbstractHandlerMethodAdapter.handle(AbstractHandlerMethodAdapter.java:85)
	at org.springframework.web.servlet.DispatcherServlet.doDispatch(DispatcherServlet.java:967)
	at org.springframework.web.servlet.DispatcherServlet.doService(DispatcherServlet.java:901)
	at org.springframework.web.servlet.FrameworkServlet.processRequest(FrameworkServlet.java:970)
	at org.springframework.web.servlet.FrameworkServlet.doGet(FrameworkServlet.java:861)
	at javax.servlet.http.HttpServlet.service(HttpServlet.java:635)
	at org.springframework.web.servlet.FrameworkServlet.service(FrameworkServlet.java:846)
	at org.springframework.test.web.servlet.TestDispatcherServlet.service(TestDispatcherServlet.java:65)
	at javax.servlet.http.HttpServlet.service(HttpServlet.java:742)
	at org.springframework.mock.web.MockFilterChain$ServletFilterProxy.doFilter(MockFilterChain.java:167)
	at org.springframework.mock.web.MockFilterChain.doFilter(MockFilterChain.java:134)
	at org.springframework.web.filter.RequestContextFilter.doFilterInternal(RequestContextFilter.java:99)
	at org.springframework.web.filter.OncePerRequestFilter.doFilter(OncePerRequestFilter.java:107)
	at org.springframework.mock.web.MockFilterChain.doFilter(MockFilterChain.java:134)
	at org.springframework.web.filter.HttpPutFormContentFilter.doFilterInternal(HttpPutFormContentFilter.java:105)
	at org.springframework.web.filter.OncePerRequestFilter.doFilter(OncePerRequestFilter.java:107)
	at org.springframework.mock.web.MockFilterChain.doFilter(MockFilterChain.java:134)
	at org.springframework.web.filter.HiddenHttpMethodFilter.doFilterInternal(HiddenHttpMethodFilter.java:81)
	at org.springframework.web.filter.OncePerRequestFilter.doFilter(OncePerRequestFilter.java:107)
	at org.springframework.mock.web.MockFilterChain.doFilter(MockFilterChain.java:134)
	at org.springframework.test.web.servlet.MockMvc.perform(MockMvc.java:155)
	at cn.netkiller.oauth.server.controller.PartyControllerTest.getPartiesTest(PartyControllerTest.java:64)
]]></error>
  </testcase>
</testsuite>